{"level":"info","message":"POST /login - 2024-08-31T10:03:49.363Z","service":"user-service"}
{"level":"info","message":"POST /cart - 2024-08-31T10:13:23.211Z","service":"user-service"}
{"level":"error","message":"POST /cart - 2024-08-31T10:13:24.455Z - Error: Cast to ObjectId failed for value \"productId2\" (type string) at path \"_id\" for model \"Product\"","service":"user-service"}
{"level":"error","message":" 2024-08-31T12:15:49.913Z - Error: querySrv ETIMEOUT _mongodb._tcp.cluster0.d5m90.mongodb.net","service":"user-service"}
{"level":"error","message":" 2024-08-31T12:16:53.428Z - Error: querySrv ETIMEOUT _mongodb._tcp.cluster0.d5m90.mongodb.net","service":"user-service"}
{"level":"error","message":" 2024-08-31T12:17:48.239Z - Error: querySrv ETIMEOUT _mongodb._tcp.cluster0.d5m90.mongodb.net","service":"user-service"}
{"level":"info","message":"POST /login - 2024-08-31T12:19:12.829Z","service":"user-service"}
{"level":"info","message":"POST /cart - 2024-08-31T12:19:52.531Z","service":"user-service"}
{"level":"error","message":"POST /cart - 2024-08-31T12:19:52.861Z - Error: consloe is not defined","service":"user-service"}
{"level":"info","message":"POST /cart - 2024-08-31T12:20:33.591Z","service":"user-service"}
{"level":"error","message":"POST /cart - 2024-08-31T12:20:34.431Z - Error: Cast to ObjectId failed for value \"productId2\" (type string) at path \"_id\" for model \"Product\"","service":"user-service"}
{"level":"info","message":"POST /cart - 2024-08-31T12:25:15.657Z","service":"user-service"}
{"level":"error","message":"POST /cart - 2024-08-31T12:25:16.022Z - Error: Product with id 66ce23625cecbbe785ed2957 not found","service":"user-service"}
{"level":"info","message":"POST /cart - 2024-08-31T12:26:20.506Z","service":"user-service"}
{"level":"error","message":"POST /cart - 2024-08-31T12:26:25.408Z - Error: Product with id 66ca19f4f536f9776c7d695f not found","service":"user-service"}
{"level":"info","message":"POST /cart - 2024-08-31T12:27:04.015Z","service":"user-service"}
{"level":"info","message":"POST /cart - 2024-08-31T12:28:10.027Z","service":"user-service"}
{"level":"info","message":"POST /cart - 2024-08-31T12:30:42.023Z","service":"user-service"}
{"level":"error","message":"POST /cart - 2024-08-31T12:30:42.322Z - Error: Invalid productId or quantity","service":"user-service"}
{"level":"info","message":"POST /cart - 2024-08-31T12:34:17.913Z","service":"user-service"}
{"level":"error","message":"POST /cart - 2024-08-31T12:34:19.275Z - Error: Invalid productId or quantity","service":"user-service"}
{"level":"error","message":" 2024-09-01T18:08:04.132Z - Error: connect ECONNREFUSED 127.0.0.1:27017","service":"user-service"}
{"level":"info","message":"PATCH /admin/66d32ab77d1144fcaf8d1810 - 2024-09-01T18:10:16.393Z","service":"user-service"}
{"level":"error","message":"PATCH /admin/66d32ab77d1144fcaf8d1810 - 2024-09-01T18:10:16.467Z - Error: User not found","service":"user-service"}
{"level":"info","message":"PATCH /admin/66bd98aff1d1e562b4b61625 - 2024-09-01T18:13:31.675Z","service":"user-service"}
{"level":"error","message":"PATCH /admin/66bd98aff1d1e562b4b61625 - 2024-09-01T18:13:31.697Z - Error: User not found","service":"user-service"}
{"level":"info","message":"POST /login - 2024-09-01T18:15:22.300Z","service":"user-service"}
{"level":"info","message":"PATCH /admin/66bd98aff1d1e562b4b61625 - 2024-09-01T18:16:43.236Z","service":"user-service"}
{"level":"error","message":"PATCH /admin/66bd98aff1d1e562b4b61625 - 2024-09-01T18:16:43.241Z - Error: Invalid token","service":"user-service"}
{"level":"info","message":"PATCH /admin/66bd98aff1d1e562b4b61625 - 2024-09-01T18:17:02.840Z","service":"user-service"}
{"level":"info","message":"PATCH /admin/66bd98aff1d1e562b4b61625 - 2024-09-01T18:17:50.003Z","service":"user-service"}
{"level":"info","message":"POST /product/review/66d4eda80b647b4a77449898 - 2024-09-02T04:59:19.619Z","service":"user-service"}
{"level":"error","message":"POST /product/review/66d4eda80b647b4a77449898 - 2024-09-02T04:59:19.694Z - Error: User not found","service":"user-service"}
{"level":"info","message":"POST /login - 2024-09-02T04:59:45.208Z","service":"user-service"}
{"level":"error","message":"POST /login - 2024-09-02T04:59:45.242Z - Error: Invalid email or password","service":"user-service"}
{"level":"info","message":"POST /login - 2024-09-02T05:00:21.523Z","service":"user-service"}
{"level":"info","message":"POST /product/review/66c4863ce203e45887247a10 - 2024-09-02T05:02:24.917Z","service":"user-service"}
{"level":"error","message":"POST /product/review/66c4863ce203e45887247a10 - 2024-09-02T05:02:24.945Z - Error: Cannot read properties of undefined (reading 'map')","service":"user-service"}
{"level":"info","message":"POST /product/review/66c4863ce203e45887247a10 - 2024-09-02T05:04:38.072Z","service":"user-service"}
{"level":"error","message":"POST /product/review/66c4863ce203e45887247a10 - 2024-09-02T05:04:38.264Z - Error: Cannot read properties of undefined (reading 'map')","service":"user-service"}
{"level":"info","message":"POST /product/review/66c4863ce203e45887247a10 - 2024-09-02T05:06:48.927Z","service":"user-service"}
{"level":"error","message":"POST /product/review/66c4863ce203e45887247a10 - 2024-09-02T05:06:49.020Z - Error: Cannot read properties of undefined (reading 'map')","service":"user-service"}
{"level":"info","message":"POST /product/review/66c4863ce203e45887247a10 - 2024-09-02T05:09:09.282Z","service":"user-service"}
{"level":"error","message":"POST /product/review/66c4863ce203e45887247a10 - 2024-09-02T05:09:09.500Z - Error: reviewText is not defined","service":"user-service"}
{"level":"info","message":"POST /product/review/66c4863ce203e45887247a10 - 2024-09-02T05:12:35.934Z","service":"user-service"}
